
Circuit 1 cell pfet_03v3 and Circuit 2 cell pfet_03v3 are black boxes.
Warning: Equate pins:  cell pfet_03v3 is a placeholder, treated as a black box.
Warning: Equate pins:  cell pfet_03v3 is a placeholder, treated as a black box.

Subcircuit pins:
Circuit 1: pfet_03v3                       |Circuit 2: pfet_03v3                       
-------------------------------------------|-------------------------------------------
1                                          |1                                          
2                                          |2                                          
3                                          |3                                          
4                                          |4                                          
---------------------------------------------------------------------------------------
Cell pin lists are equivalent.
Device classes pfet_03v3 and pfet_03v3 are equivalent.

Circuit 1 cell nfet_03v3 and Circuit 2 cell nfet_03v3 are black boxes.
Warning: Equate pins:  cell nfet_03v3 is a placeholder, treated as a black box.
Warning: Equate pins:  cell nfet_03v3 is a placeholder, treated as a black box.

Subcircuit pins:
Circuit 1: nfet_03v3                       |Circuit 2: nfet_03v3                       
-------------------------------------------|-------------------------------------------
1                                          |1                                          
2                                          |2                                          
3                                          |3                                          
4                                          |4                                          
---------------------------------------------------------------------------------------
Cell pin lists are equivalent.
Device classes nfet_03v3 and nfet_03v3 are equivalent.

Subcircuit summary:
Circuit 1: gf180mcu_osu_sc_gp9t3v3__mux4_1 |Circuit 2: gf180mcu_osu_sc_gp9t3v3__mux4_1 
-------------------------------------------|-------------------------------------------
pfet_03v3 (8)                              |pfet_03v3 (8)                              
nfet_03v3 (8)                              |nfet_03v3 (8)                              
Number of devices: 16                      |Number of devices: 16                      
Number of nets: 13                         |Number of nets: 13                         
---------------------------------------------------------------------------------------
Netlists match uniquely.

Subcircuit pins:
Circuit 1: gf180mcu_osu_sc_gp9t3v3__mux4_1 |Circuit 2: gf180mcu_osu_sc_gp9t3v3__mux4_1 
-------------------------------------------|-------------------------------------------
X1                                         |X1                                         
X3                                         |X3                                         
X0                                         |X0                                         
X2                                         |X2                                         
VSS                                        |VSS                                        
VDD                                        |VDD                                        
C1                                         |C1                                         
OUT                                        |OUT                                        
C0                                         |C0                                         
---------------------------------------------------------------------------------------
Cell pin lists are equivalent.
Device classes gf180mcu_osu_sc_gp9t3v3__mux4_1 and gf180mcu_osu_sc_gp9t3v3__mux4_1_sch are equivalent.

Final result: Circuits match uniquely.
.
